  Brawl.cpp
C:\Users\gutst\Documents\elemental-game\Fighter.h(88,30): error C2061: syntax error: identifier 'Team'
C:\Users\gutst\Documents\elemental-game\Fighter.h(93,32): error C2061: syntax error: identifier 'Team'
C:\Users\gutst\Documents\elemental-game\Fighter.h(97,37): error C2061: syntax error: identifier 'Team'
C:\Users\gutst\Documents\elemental-game\Brawl.cpp(18,13): error C2011: 'Brawl': 'class' type redefinition
C:\Users\gutst\Documents\elemental-game\Brawl.h(18): message : see declaration of 'Brawl'
  Element.cpp
C:\Users\gutst\Documents\elemental-game\Element.cpp(6,15): error C2011: 'Element': 'class' type redefinition
C:\Users\gutst\Documents\elemental-game\Element.h(16): message : see declaration of 'Element'
C:\Users\gutst\Documents\elemental-game\Element.cpp(98,29): error C2027: use of undefined type 'Element'
C:\Users\gutst\Documents\elemental-game\Element.h(16): message : see declaration of 'Element'
C:\Users\gutst\Documents\elemental-game\Element.cpp(98,38): error C2065: 'ELE_WATER': undeclared identifier
C:\Users\gutst\Documents\elemental-game\Element.cpp(99,25): error C2027: use of undefined type 'Element'
C:\Users\gutst\Documents\elemental-game\Element.h(16): message : see declaration of 'Element'
C:\Users\gutst\Documents\elemental-game\Element.cpp(99,34): error C2065: 'ELE_METAL': undeclared identifier
C:\Users\gutst\Documents\elemental-game\Element.cpp(101,34): error C2027: use of undefined type 'Element'
C:\Users\gutst\Documents\elemental-game\Element.h(16): message : see declaration of 'Element'
C:\Users\gutst\Documents\elemental-game\Element.cpp(101,43): error C2065: 'ELE_METAL': undeclared identifier
C:\Users\gutst\Documents\elemental-game\Element.cpp(102,25): error C2027: use of undefined type 'Element'
C:\Users\gutst\Documents\elemental-game\Element.h(16): message : see declaration of 'Element'
C:\Users\gutst\Documents\elemental-game\Element.cpp(102,34): error C2065: 'ELE_EARTH': undeclared identifier
C:\Users\gutst\Documents\elemental-game\Element.cpp(104,34): error C2027: use of undefined type 'Element'
C:\Users\gutst\Documents\elemental-game\Element.h(16): message : see declaration of 'Element'
C:\Users\gutst\Documents\elemental-game\Element.cpp(104,43): error C2065: 'ELE_EARTH': undeclared identifier
C:\Users\gutst\Documents\elemental-game\Element.cpp(105,25): error C2027: use of undefined type 'Element'
C:\Users\gutst\Documents\elemental-game\Element.h(16): message : see declaration of 'Element'
C:\Users\gutst\Documents\elemental-game\Element.cpp(105,33): error C2065: 'ELE_FIRE': undeclared identifier
C:\Users\gutst\Documents\elemental-game\Element.cpp(107,34): error C2027: use of undefined type 'Element'
C:\Users\gutst\Documents\elemental-game\Element.h(16): message : see declaration of 'Element'
C:\Users\gutst\Documents\elemental-game\Element.cpp(107,42): error C2065: 'ELE_FIRE': undeclared identifier
C:\Users\gutst\Documents\elemental-game\Element.cpp(108,25): error C2027: use of undefined type 'Element'
C:\Users\gutst\Documents\elemental-game\Element.h(16): message : see declaration of 'Element'
C:\Users\gutst\Documents\elemental-game\Element.cpp(108,33): error C2065: 'ELE_WOOD': undeclared identifier
C:\Users\gutst\Documents\elemental-game\Element.cpp(110,34): error C2027: use of undefined type 'Element'
C:\Users\gutst\Documents\elemental-game\Element.h(16): message : see declaration of 'Element'
C:\Users\gutst\Documents\elemental-game\Element.cpp(110,42): error C2065: 'ELE_WOOD': undeclared identifier
C:\Users\gutst\Documents\elemental-game\Element.cpp(111,25): error C2027: use of undefined type 'Element'
C:\Users\gutst\Documents\elemental-game\Element.h(16): message : see declaration of 'Element'
C:\Users\gutst\Documents\elemental-game\Element.cpp(111,34): error C2065: 'ELE_WATER': undeclared identifier
C:\Users\gutst\Documents\elemental-game\Element.cpp(120,29): error C2027: use of undefined type 'Element'
C:\Users\gutst\Documents\elemental-game\Element.h(16): message : see declaration of 'Element'
C:\Users\gutst\Documents\elemental-game\Element.cpp(120,38): error C2065: 'ELE_WATER': undeclared identifier
C:\Users\gutst\Documents\elemental-game\Element.cpp(121,25): error C2027: use of undefined type 'Element'
C:\Users\gutst\Documents\elemental-game\Element.h(16): message : see declaration of 'Element'
C:\Users\gutst\Documents\elemental-game\Element.cpp(121,33): error C2065: 'ELE_FIRE': undeclared identifier
C:\Users\gutst\Documents\elemental-game\Element.cpp(123,34): error C2027: use of undefined type 'Element'
C:\Users\gutst\Documents\elemental-game\Element.h(16): message : see declaration of 'Element'
C:\Users\gutst\Documents\elemental-game\Element.cpp(123,43): error C2065: 'ELE_METAL': undeclared identifier
C:\Users\gutst\Documents\elemental-game\Element.cpp(124,25): error C2027: use of undefined type 'Element'
C:\Users\gutst\Documents\elemental-game\Element.h(16): message : see declaration of 'Element'
C:\Users\gutst\Documents\elemental-game\Element.cpp(124,33): error C2065: 'ELE_WOOD': undeclared identifier
C:\Users\gutst\Documents\elemental-game\Element.cpp(126,34): error C2027: use of undefined type 'Element'
C:\Users\gutst\Documents\elemental-game\Element.h(16): message : see declaration of 'Element'
C:\Users\gutst\Documents\elemental-game\Element.cpp(126,43): error C2065: 'ELE_EARTH': undeclared identifier
C:\Users\gutst\Documents\elemental-game\Element.cpp(127,25): error C2027: use of undefined type 'Element'
C:\Users\gutst\Documents\elemental-game\Element.h(16): message : see declaration of 'Element'
C:\Users\gutst\Documents\elemental-game\Element.cpp(127,34): error C2065: 'ELE_WATER': undeclared identifier
C:\Users\gutst\Documents\elemental-game\Element.cpp(129,34): error C2027: use of undefined type 'Element'
C:\Users\gutst\Documents\elemental-game\Element.h(16): message : see declaration of 'Element'
C:\Users\gutst\Documents\elemental-game\Element.cpp(129,42): error C2065: 'ELE_FIRE': undeclared identifier
C:\Users\gutst\Documents\elemental-game\Element.cpp(130,25): error C2027: use of undefined type 'Element'
C:\Users\gutst\Documents\elemental-game\Element.h(16): message : see declaration of 'Element'
C:\Users\gutst\Documents\elemental-game\Element.cpp(130,34): error C2065: 'ELE_METAL': undeclared identifier
C:\Users\gutst\Documents\elemental-game\Element.cpp(132,34): error C2027: use of undefined type 'Element'
C:\Users\gutst\Documents\elemental-game\Element.h(16): message : see declaration of 'Element'
C:\Users\gutst\Documents\elemental-game\Element.cpp(132,42): error C2065: 'ELE_WOOD': undeclared identifier
C:\Users\gutst\Documents\elemental-game\Element.cpp(133,25): error C2027: use of undefined type 'Element'
C:\Users\gutst\Documents\elemental-game\Element.h(16): message : see declaration of 'Element'
C:\Users\gutst\Documents\elemental-game\Element.cpp(133,34): error C2065: 'ELE_EARTH': undeclared identifier
C:\Users\gutst\Documents\elemental-game\Element.cpp(142,28): error C2027: use of undefined type 'Element'
C:\Users\gutst\Documents\elemental-game\Element.h(16): message : see declaration of 'Element'
C:\Users\gutst\Documents\elemental-game\Element.cpp(142,49): error C2027: use of undefined type 'Element'
C:\Users\gutst\Documents\elemental-game\Element.h(16): message : see declaration of 'Element'
C:\Users\gutst\Documents\elemental-game\Element.cpp(143,32): error C2027: use of undefined type 'Element'
C:\Users\gutst\Documents\elemental-game\Element.h(16): message : see declaration of 'Element'
C:\Users\gutst\Documents\elemental-game\Element.cpp(143,66): error C2027: use of undefined type 'Element'
C:\Users\gutst\Documents\elemental-game\Element.h(16): message : see declaration of 'Element'
C:\Users\gutst\Documents\elemental-game\Element.cpp(144,34): error C2027: use of undefined type 'Element'
C:\Users\gutst\Documents\elemental-game\Element.h(16): message : see declaration of 'Element'
C:\Users\gutst\Documents\elemental-game\Element.cpp(144,69): error C2027: use of undefined type 'Element'
C:\Users\gutst\Documents\elemental-game\Element.h(16): message : see declaration of 'Element'
C:\Users\gutst\Documents\elemental-game\Element.cpp(155,18): error C2027: use of undefined type 'Element'
C:\Users\gutst\Documents\elemental-game\Element.h(16): message : see declaration of 'Element'
  Fighter.cpp
C:\Users\gutst\Documents\elemental-game\Team.h(27,9): error C2143: syntax error: missing ';' before '*'
C:\Users\gutst\Documents\elemental-game\Team.h(27,9): error C4430: missing type specifier - int assumed. Note: C++ does not support default-int
C:\Users\gutst\Documents\elemental-game\Team.h(27,50): error C2238: unexpected token(s) preceding ';'
C:\Users\gutst\Documents\elemental-game\Team.h(66,31): error C4430: missing type specifier - int assumed. Note: C++ does not support default-int
C:\Users\gutst\Documents\elemental-game\Team.h(66,31): error C2143: syntax error: missing ',' before '*'
C:\Users\gutst\Documents\elemental-game\Team.h(77,14): error C2065: 'Fighter': undeclared identifier
C:\Users\gutst\Documents\elemental-game\Team.h(77,22): error C2059: syntax error: '>'
C:\Users\gutst\Documents\elemental-game\Team.h(80,14): error C2065: 'Fighter': undeclared identifier
C:\Users\gutst\Documents\elemental-game\Team.h(80,22): error C2059: syntax error: '>'
C:\Users\gutst\Documents\elemental-game\Team.h(81,14): error C2065: 'Fighter': undeclared identifier
C:\Users\gutst\Documents\elemental-game\Team.h(81,22): error C2059: syntax error: '>'
C:\Users\gutst\Documents\elemental-game\Fighter.cpp(158,20): error C2039: 'get_kth_in_combat_fighter': is not a member of 'Team'
C:\Users\gutst\Documents\elemental-game\Team.h(15): message : see declaration of 'Team'
C:\Users\gutst\Documents\elemental-game\Fighter.cpp(167,20): error C2039: 'get_kth_in_combat_fighter': is not a member of 'Team'
C:\Users\gutst\Documents\elemental-game\Team.h(15): message : see declaration of 'Team'
C:\Users\gutst\Documents\elemental-game\Fighter.cpp(369,10): error C3668: 'PacifistFighter::go_attack': method with override specifier 'override' did not override any base class methods
C:\Users\gutst\Documents\elemental-game\Fighter.cpp(381,10): error C3668: 'PacifistFighter::receive_healing': method with override specifier 'override' did not override any base class methods
C:\Users\gutst\Documents\elemental-game\Fighter.cpp(387,10): error C3668: 'PacifistFighter::receive_attack': method with override specifier 'override' did not override any base class methods
  Team.cpp
C:\Users\gutst\Documents\elemental-game\Fighter.h(88,30): error C2061: syntax error: identifier 'Team'
C:\Users\gutst\Documents\elemental-game\Fighter.h(93,32): error C2061: syntax error: identifier 'Team'
C:\Users\gutst\Documents\elemental-game\Fighter.h(97,37): error C2061: syntax error: identifier 'Team'
C:\Users\gutst\Documents\elemental-game\Team.cpp(16,12): error C2011: 'Team': 'class' type redefinition
C:\Users\gutst\Documents\elemental-game\Team.h(15): message : see declaration of 'Team'
  Weapon.cpp
  Generating Code...
C:\Users\gutst\Documents\elemental-game\Weapon.cpp(57): warning C4172: returning address of local variable or temporary
C:\Users\gutst\Documents\elemental-game\Weapon.cpp(131): warning C4172: returning address of local variable or temporary
C:\Users\gutst\Documents\elemental-game\Weapon.cpp(205): warning C4172: returning address of local variable or temporary
